Build started 23/11/2015 9:56:37 PM.
     1>Project "D:\HK5\Game\NewSuperMarioBrosPC\NewSuperMarioBrosPC\NewSuperMarioBrosPC.vcxproj" on node 2 (Build target(s)).
     1>ClCompile:
         C:\Program Files (x86)\Microsoft Visual Studio 12.0\VC\bin\CL.exe /c /ZI /nologo /W3 /WX- /sdl /Od /Oy- /D _UNICODE /D UNICODE /Gm /EHsc /RTC1 /MDd /GS /fp:precise /Zc:wchar_t /Zc:forScope /Fo"Debug\\" /Fd"Debug\vc120.pdb" /Gd /TP /analyze- /errorReport:prompt mario.cpp
         mario.cpp
         c:\program files (x86)\microsoft directx sdk (june 2010)\include\dinput.h: DIRECTINPUT_VERSION undefined. Defaulting to version 0x0800
     1>d:\hk5\game\newsupermariobrospc\newsupermariobrospc\mario.cpp(94): warning C4244: '+=' : conversion from 'float' to 'int', possible loss of data
     1>d:\hk5\game\newsupermariobrospc\newsupermariobrospc\mario.cpp(95): warning C4244: '+=' : conversion from 'float' to 'int', possible loss of data
       Link:
         C:\Program Files (x86)\Microsoft Visual Studio 12.0\VC\bin\link.exe /ERRORREPORT:PROMPT /OUT:"D:\HK5\Game\NewSuperMarioBrosPC\Debug\NewSuperMarioBrosPC.exe" /INCREMENTAL /NOLOGO d3d9.lib d3dx9.lib dxguid.lib dxerr.lib dinput8.lib kernel32.lib user32.lib gdi32.lib winspool.lib comdlg32.lib advapi32.lib shell32.lib ole32.lib oleaut32.lib uuid.lib odbc32.lib odbccp32.lib /MANIFEST /MANIFESTUAC:"level='asInvoker' uiAccess='false'" /manifest:embed /DEBUG /PDB:"D:\HK5\Game\NewSuperMarioBrosPC\Debug\NewSuperMarioBrosPC.pdb" /TLBID:1 /DYNAMICBASE /NXCOMPAT /IMPLIB:"D:\HK5\Game\NewSuperMarioBrosPC\Debug\NewSuperMarioBrosPC.lib" /MACHINE:X86 Debug\animation.obj
         Debug\game.obj
         Debug\main.obj
         Debug\mario.obj
         Debug\object.obj
         Debug\sprite.obj
         Debug\utils.obj
         NewSuperMarioBrosPC.vcxproj -> D:\HK5\Game\NewSuperMarioBrosPC\Debug\NewSuperMarioBrosPC.exe
     1>Done Building Project "D:\HK5\Game\NewSuperMarioBrosPC\NewSuperMarioBrosPC\NewSuperMarioBrosPC.vcxproj" (Build target(s)).

Build succeeded.

Time Elapsed 00:00:01.44
