d:\hk5\game\newsupermariobrospc\newsupermariobrospc\newsupermariobrospc\debug\vc120.pdb
d:\hk5\game\newsupermariobrospc\newsupermariobrospc\newsupermariobrospc\debug\vc120.idb
d:\hk5\game\newsupermariobrospc\newsupermariobrospc\newsupermariobrospc\debug\animation.obj
d:\hk5\game\newsupermariobrospc\newsupermariobrospc\newsupermariobrospc\debug\game.obj
d:\hk5\game\newsupermariobrospc\newsupermariobrospc\newsupermariobrospc\debug\gooba.obj
d:\hk5\game\newsupermariobrospc\newsupermariobrospc\newsupermariobrospc\debug\koopatroopa.obj
d:\hk5\game\newsupermariobrospc\newsupermariobrospc\newsupermariobrospc\debug\main.obj
d:\hk5\game\newsupermariobrospc\newsupermariobrospc\newsupermariobrospc\debug\marioanimationfactory.obj
d:\hk5\game\newsupermariobrospc\newsupermariobrospc\newsupermariobrospc\debug\mariogame.obj
d:\hk5\game\newsupermariobrospc\newsupermariobrospc\newsupermariobrospc\debug\marioobject.obj
d:\hk5\game\newsupermariobrospc\newsupermariobrospc\newsupermariobrospc\debug\mariostate.obj
d:\hk5\game\newsupermariobrospc\newsupermariobrospc\newsupermariobrospc\debug\object.obj
d:\hk5\game\newsupermariobrospc\newsupermariobrospc\newsupermariobrospc\debug\objectmanager.obj
d:\hk5\game\newsupermariobrospc\newsupermariobrospc\newsupermariobrospc\debug\brickground.obj
d:\hk5\game\newsupermariobrospc\newsupermariobrospc\newsupermariobrospc\debug\physics.obj
d:\hk5\game\newsupermariobrospc\newsupermariobrospc\newsupermariobrospc\debug\redkoopa.obj
d:\hk5\game\newsupermariobrospc\newsupermariobrospc\newsupermariobrospc\debug\sprite.obj
d:\hk5\game\newsupermariobrospc\newsupermariobrospc\newsupermariobrospc\debug\utils.obj
d:\hk5\game\newsupermariobrospc\newsupermariobrospc\newsupermariobrospc\debug\staticobject.obj
d:\hk5\game\newsupermariobrospc\newsupermariobrospc\newsupermariobrospc\debug\pipe.obj
d:\hk5\game\newsupermariobrospc\newsupermariobrospc\newsupermariobrospc\debug\mario.obj
d:\hk5\game\newsupermariobrospc\newsupermariobrospc\debug\newsupermariobrospc.pdb
d:\hk5\game\newsupermariobrospc\newsupermariobrospc\newsupermariobrospc\debug\newsuper.5fb24477.tlog\cl.command.1.tlog
d:\hk5\game\newsupermariobrospc\newsupermariobrospc\newsupermariobrospc\debug\newsuper.5fb24477.tlog\cl.read.1.tlog
d:\hk5\game\newsupermariobrospc\newsupermariobrospc\newsupermariobrospc\debug\newsuper.5fb24477.tlog\cl.write.1.tlog
d:\hk5\game\newsupermariobrospc\newsupermariobrospc\newsupermariobrospc\debug\newsuper.5fb24477.tlog\link-cvtres.read.1.tlog
d:\hk5\game\newsupermariobrospc\newsupermariobrospc\newsupermariobrospc\debug\newsuper.5fb24477.tlog\link-cvtres.write.1.tlog
d:\hk5\game\newsupermariobrospc\newsupermariobrospc\newsupermariobrospc\debug\newsuper.5fb24477.tlog\link-rc.read.1.tlog
d:\hk5\game\newsupermariobrospc\newsupermariobrospc\newsupermariobrospc\debug\newsuper.5fb24477.tlog\link-rc.write.1.tlog
d:\hk5\game\newsupermariobrospc\newsupermariobrospc\newsupermariobrospc\debug\newsuper.5fb24477.tlog\link.command.1.tlog
d:\hk5\game\newsupermariobrospc\newsupermariobrospc\newsupermariobrospc\debug\newsuper.5fb24477.tlog\link.read.1.tlog
d:\hk5\game\newsupermariobrospc\newsupermariobrospc\newsupermariobrospc\debug\newsuper.5fb24477.tlog\link.write.1.tlog
